
 +++++++++++++++++++++++++++++++++++++++++++++++++++++++++++++++++++
 +  SHELXL -  CRYSTAL STRUCTURE REFINEMENT  -   MULTI-CPU VERSION  +
 +  Copyright(C) George M. Sheldrick 1993-2018     Version 2018/3  +
 +  vivan6                     started at 07:56:55 on 07-Aug-2021  +
 +++++++++++++++++++++++++++++++++++++++++++++++++++++++++++++++++++

 Command line parameters: vivan6 -a50000 -b3000 -c624 -g0 -m0 -t8

 -a sets the approximate maximum number of atoms including hydrogens.
 -b sets the maximum number of full-matrix parameters (not used by CGLS).
 For example -b9000 allows refinement of 1000 anisotropic atoms or 3000
 with BLOC 1. For a 32-bit version, -b times the square root of the
 number of threads should not exceed about 65500. -c sets the reflection
 buffer size. This depends on the CPU cache size but will rarely
 need changing.

 -g sets the number of reflection groups used for calculating R_complete,
 This must be greater than 1 but not greater than the total number of
 reflections for refinement. -m sets the current reflection group number.
 This may not be less than 1 nor greater than the number set by -g. These
 command line flags override other ways of defining free-R reflections.
 The -m value is also used as a seed for the WIGL pseudo-random shifts.

 -t sets the number of threads, otherwise it is set to the apparent
 number of CPUs. For optimal performance on hyperthreading systems,
 -t should be set to a little more than half the number of CPUs;
 e.g. -t4 or -t5 for an Intel i7 processor.

 Running  8 threads on  8 processors

 TITL vivan6 in P2(1)/c
 CELL 1.54178 8.8907 11.4813 15.5497 90 103.465 90
 ZERR 4 0.0001 0.0001 0.0002 0 0.001 0
 LATT 1
 SYMM -X,0.5+Y,0.5-Z
 SFAC C H N F P
 UNIT 56 60 16 24 4

 V =     1543.63     F(000) =     784.0     Mu =   2.29 mm-1      Cell Wt =     1537.08    Rho =  1.653

  
 L.S. 5
 PLAN  5
 SIZE 0.15 0.15 0.2
 TEMP -123
 CONF
 MPLA 15 N1 C1 C2 C3 C4 C5 N2 N3 C14 N4 C9 C10 C11 C12 C13 C6 C7 C8
 MPLA 3 C6 C7 C8
 BOND $H
 WPDB -1
 MORE -1
 fmap 2
 acta
 EXTI 0.01
 WGHT 0.0456 0.5709
 FVAR 3.64079
 REM <olex2.extras>
 REM <HklSrc "%.\\vivan6.hkl">
 REM </olex2.extras>
  
 N1    3     0.98501  0.34848  0.51872  11.00000  0.02393  0.02691  0.02929 =
  0.00086  0.00346 -0.00192
 N2    3     0.85348  0.20802  0.42024  11.00000  0.02061  0.02249  0.02248 =
  0.00078  0.00453  0.00192
 N3    3     0.58994  0.23854  0.36149  11.00000  0.02041  0.02144  0.02144 =
  0.00031  0.00397  0.00015
 N4    3     0.48729  0.41417  0.39813  11.00000  0.02473  0.02743  0.02878 =
  -0.00060  0.00481  0.00373
 C1    1     1.11635  0.39117  0.56917  11.00000  0.02988  0.03251  0.03051 =
  0.00223  0.00121 -0.00714
 AFIX 43
 H1    2     1.11079  0.45960  0.60263  11.00000 -1.20000
 AFIX 0
 C2    1     1.26001  0.34069  0.57511  11.00000  0.02380  0.04357  0.03351 =
  0.01242 -0.00184 -0.00799
 AFIX 43
 H2    2     1.35038  0.37324  0.61225  11.00000 -1.20000
 AFIX 0
 C3    1     1.26867  0.24204  0.52580  11.00000  0.02108  0.04189  0.04007 =
  0.01538  0.00522  0.00331
 AFIX 43
 H3    2     1.36561  0.20574  0.52832  11.00000 -1.20000
 AFIX 0
 C4    1     1.13489  0.19653  0.47270  11.00000  0.02370  0.03196  0.03314 =
  0.00696  0.00757  0.00432
 AFIX 43
 H4    2     1.13738  0.12928  0.43747  11.00000 -1.20000
 AFIX 0
 C5    1     0.99671  0.25293  0.47284  11.00000  0.02072  0.02539  0.02301 =
  0.00617  0.00384 -0.00024
 C6    1     0.85070  0.08944  0.38297  11.00000  0.02830  0.02347  0.03048 =
  -0.00231  0.00611  0.00461
 AFIX 23
 H6a   2     0.92365  0.03861  0.42430  11.00000 -1.20000
 H6b   2     0.88307  0.09205  0.32624  11.00000 -1.20000
 AFIX 0
 C7    1     0.68869  0.04110  0.36814  11.00000  0.03030  0.02096  0.03234 =
  -0.00137  0.00703  0.00018
 AFIX 23
 H7a   2     0.68278 -0.03383  0.33602  11.00000 -1.20000
 H7b   2     0.66370  0.02608  0.42594  11.00000 -1.20000
 AFIX 0
 C8    1     0.57226  0.12519  0.31551  11.00000  0.02667  0.02242  0.02743 =
  -0.00357  0.00467 -0.00316
 AFIX 23
 H8a   2     0.58986  0.13440  0.25531  11.00000 -1.20000
 H8b   2     0.46616  0.09501  0.31013  11.00000 -1.20000
 AFIX 0
 C9    1     0.45927  0.31531  0.35319  11.00000  0.02083  0.02634  0.02034 =
  0.00418  0.00600  0.00166
 C10   1     0.31566  0.28497  0.30133  11.00000  0.02508  0.03381  0.02849 =
  0.00069  0.00181 -0.00105
 AFIX 43
 H10   2     0.30085  0.21392  0.26915  11.00000 -1.20000
 AFIX 0
 C11   1     0.19457  0.36197  0.29813  11.00000  0.02104  0.04783  0.03520 =
  0.00792  0.00136  0.00254
 AFIX 43
 H11   2     0.09423  0.34398  0.26373  11.00000 -1.20000
 AFIX 0
 C12   1     0.22015  0.46489  0.34507  11.00000  0.02662  0.04133  0.03287 =
  0.00974  0.01018  0.01133
 AFIX 43
 H12   2     0.13851  0.51868  0.34395  11.00000 -1.20000
 AFIX 0
 C13   1     0.36812  0.48721  0.39371  11.00000  0.03064  0.03070  0.03117 =
  0.00169  0.00911  0.00776
 AFIX 43
 H13   2     0.38651  0.55822  0.42580  11.00000 -1.20000
 AFIX 0
 C14   1     0.72658  0.27106  0.40883  11.00000  0.02147  0.02167  0.02046 =
  0.00177  0.00493  0.00045
 AFIX 43
 H14   2     0.73397  0.34518  0.43665  11.00000 -1.20000
 AFIX 0
  
 P1    5     0.73820  0.12334  0.65300  11.00000  0.02202  0.02644  0.02400 =
  -0.00105  0.00545 -0.00025
 F11   4     0.66817  0.21529  0.57740  11.00000  0.03744  0.04633  0.04643 =
  0.01506  0.00754  0.01113
 F12   4     0.58774  0.13667  0.69174  11.00000  0.03296  0.05633  0.04161 =
  -0.01774  0.01924 -0.01138
 F13   4     0.65575  0.02026  0.59024  11.00000  0.04341  0.04334  0.04308 =
  -0.01773  0.01665 -0.01252
 F14   4     0.88823  0.10967  0.61364  11.00000  0.02760  0.04075  0.04865 =
  -0.00012  0.01579  0.00426
 F15   4     0.82038  0.22635  0.71569  11.00000  0.03399  0.04894  0.05150 =
  -0.02114  0.00840 -0.01090
 F16   4     0.80825  0.03051  0.72796  11.00000  0.06149  0.05667  0.04457 =
  0.02344  0.00455  0.00497
 HKLF 4



 Covalent radii and connectivity table for  vivan6 in P2(1)/c                                                          
 C      0.770
 H      0.320
 N      0.700
 F      0.640
 P      1.100

 N1 - C5 C1
 N2 - C14 C5 C6
 N3 - C14 C9 C8
 N4 - C9 C13
 C1 - N1 C2
 C2 - C3 C1
 C3 - C2 C4
 C4 - C3 C5
 C5 - N1 C4 N2
 C6 - N2 C7
 C7 - C8 C6
 C8 - N3 C7
 C9 - N4 C10 N3
 C10 - C11 C9
 C11 - C12 C10
 C12 - C11 C13
 C13 - N4 C12
 C14 - N2 N3
 P1 - F11 F16 F12 F15 F13 F14
 F11 - P1
 F12 - P1
 F13 - P1
 F14 - P1
 F15 - P1
 F16 - P1


   h   k   l        Fo^2      Sigma    Why rejected (first 50 of each listed)
   0   0   1      104.55      5.29     systematically absent but >3sig(I)
   0   1   0       13.99      4.03     systematically absent but >3sig(I)
   0   7   0       66.44     17.18     systematically absent but >3sig(I)
   2   0   1       74.15      6.04     systematically absent but >3sig(I)
  -3   0   7       58.56     14.78     systematically absent but >3sig(I)
  -3   0   3       28.80      7.72     systematically absent but >3sig(I)
  -4   0   7       80.40     18.82     systematically absent but >3sig(I)
   0   0   1       56.99      4.27     systematically absent but >3sig(I)
   0   1   0        6.91      1.47     systematically absent but >3sig(I)
   1   0   5       36.23     10.73     systematically absent but >3sig(I)
  -2   0   1       61.18      8.91     systematically absent but >3sig(I)
   2   0   3       42.17     10.66     systematically absent but >3sig(I)
   2   0   9       56.67     18.86     systematically absent but >3sig(I)
  -5   0   9      203.92     29.37     systematically absent but >3sig(I)
  -6   0   7       53.12     17.36     systematically absent but >3sig(I)
   0   0   1       42.17      3.19     systematically absent but >3sig(I)
  -1   0   3       30.17      5.49     systematically absent but >3sig(I)
  -6   0   5       36.59     12.13     systematically absent but >3sig(I)
   0   9   0      350.90     40.37     systematically absent but >3sig(I)
   0   0   1       29.02      3.33     systematically absent but >3sig(I)
   0   3   0       40.55     10.12     systematically absent but >3sig(I)
  -1   0   3       62.53      8.31     systematically absent but >3sig(I)
   1   0   9       95.18     20.30     systematically absent but >3sig(I)
  -2   0   1       39.41      6.00     systematically absent but >3sig(I)
   2   0   7       86.24     19.35     systematically absent but >3sig(I)
  -3   0   5       23.35      7.35     systematically absent but >3sig(I)
  -3   0   3       83.55     10.90     systematically absent but >3sig(I)
  -5   0   3       58.35     15.10     systematically absent but >3sig(I)
  -1   0   3      416.54     23.73     systematically absent but >3sig(I)
  -1   0   1       32.17      7.22     systematically absent but >3sig(I)
   1   0   7       35.83     11.22     systematically absent but >3sig(I)
   2   0   1       25.28      7.69     systematically absent but >3sig(I)
  -3   0   5       80.82     18.56     systematically absent but >3sig(I)
   5   0   1       82.14     18.25     systematically absent but >3sig(I)
   1   0  11       55.49     17.64     systematically absent but >3sig(I)
   2   0  13       80.58     21.83     systematically absent but >3sig(I)
  -3   0  15       80.82     20.34     systematically absent but >3sig(I)
  -7   0   7      177.91     25.17     systematically absent but >3sig(I)
   2   0   5       26.98      8.21     systematically absent but >3sig(I)
  -3   0   7      152.30     17.68     systematically absent but >3sig(I)

      685  Systematically absent reflections rejected


    20975  Reflections read, of which     685  rejected

 -10 =< h =< 10,    -13 =< k =< 13,    -18 =< l =< 18,   Max. 2-theta =  137.96

       40  Systematic absence violations (I>3sig(I)) before merging

       14  Inconsistent equivalents

     2847  Unique reflections, of which       0  suppressed

 R(int) = 0.0275     R(sigma) = 0.0111      Friedel opposites merged

 Maximum memory for data reduction =     2556 /    28161


 Reflection statistics for all twin components combined (TWST 0 set)
 Number of data for d > 0.826A (CIF: max) and d > 0.833A (CIF: full)
 (ignoring systematic absences):
 Unique reflections found (point group)       2847    2795
 Unique reflections possible (point group)    2874    2802
 Unique reflections found (Laue group)        2847    2795
 Unique reflections possible (Laue group)     2874    2802


 Default effective X-H and X-D distances for T = -123.0C 
 AFIX m =    1     2     3     4   4[N]  3[N]  15[B]  8[O]   9   9[N]   16
 d(X-H) =  1.00  0.99  0.98  0.95  0.88  0.91  1.12  0.84  0.95  0.88  0.95

 Note that these distances are chosen to give the best fit to the X-ray data
 and so avoid the introduction of systematic error.  The true internuclear
 distances are longer and do not vary with temperature!  The apparent
 variation with temperature is caused by libration.


 Least-squares cycle   1   Maximum vector length =  623   Memory required =     49 /   3173 /   338455

 wR2 =  0.0800 before cycle   1 for    2847 data and    227 /    227 parameters

 GooF = S =     1.043;     Restrained GooF =      1.043 for       0 restraints

 Weight = 1 / [ sigma^2(Fo^2) + ( 0.0456 * P )^2 +   0.57 * P ]   where  P = ( Max ( Fo^2, 0 ) + 2 * Fc^2 ) / 3


     N      value        esd    shift/esd  parameter

     1     3.64068     0.00789    -0.014    OSF
     2     0.00997     0.00040    -0.075   EXTI    

 Mean shift/esd =   0.010  Maximum =    -0.114 for   y  P1       

 Max. shift = 0.000 A for F15        Max. dU = 0.000 for C11       


 Least-squares cycle   2   Maximum vector length =  623   Memory required =     49 /   3173 /   338455

 wR2 =  0.0800 before cycle   2 for    2847 data and    227 /    227 parameters

 GooF = S =     1.043;     Restrained GooF =      1.043 for       0 restraints

 Weight = 1 / [ sigma^2(Fo^2) + ( 0.0456 * P )^2 +   0.57 * P ]   where  P = ( Max ( Fo^2, 0 ) + 2 * Fc^2 ) / 3


     N      value        esd    shift/esd  parameter

     1     3.64065     0.00789    -0.004    OSF
     2     0.00996     0.00040    -0.018   EXTI    

 Mean shift/esd =   0.003  Maximum =    -0.042 for   y  P1       

 Max. shift = 0.000 A for F15        Max. dU = 0.000 for N3        


 Least-squares cycle   3   Maximum vector length =  623   Memory required =     49 /   3173 /   338455

 wR2 =  0.0800 before cycle   3 for    2847 data and    227 /    227 parameters

 GooF = S =     1.042;     Restrained GooF =      1.042 for       0 restraints

 Weight = 1 / [ sigma^2(Fo^2) + ( 0.0456 * P )^2 +   0.57 * P ]   where  P = ( Max ( Fo^2, 0 ) + 2 * Fc^2 ) / 3


     N      value        esd    shift/esd  parameter

     1     3.64065     0.00789     0.000    OSF
     2     0.00996     0.00040     0.001   EXTI    

 Mean shift/esd =   0.000  Maximum =     0.001 for  U33 C5       

 Max. shift = 0.000 A for N1        Max. dU = 0.000 for N4         


 Least-squares cycle   4   Maximum vector length =  623   Memory required =     49 /   3173 /   338455

 wR2 =  0.0799 before cycle   4 for    2847 data and    227 /    227 parameters

 GooF = S =     1.042;     Restrained GooF =      1.042 for       0 restraints

 Weight = 1 / [ sigma^2(Fo^2) + ( 0.0456 * P )^2 +   0.57 * P ]   where  P = ( Max ( Fo^2, 0 ) + 2 * Fc^2 ) / 3


     N      value        esd    shift/esd  parameter

     1     3.64066     0.00789     0.001    OSF
     2     0.00996     0.00040     0.001   EXTI    

 Mean shift/esd =   0.000  Maximum =    -0.001 for   z  P1       

 Max. shift = 0.000 A for F12        Max. dU = 0.000 for C8        


 Least-squares cycle   5   Maximum vector length =  623   Memory required =     49 /   3173 /   338455

 wR2 =  0.0800 before cycle   5 for    2847 data and    227 /    227 parameters

 GooF = S =     1.042;     Restrained GooF =      1.042 for       0 restraints

 Weight = 1 / [ sigma^2(Fo^2) + ( 0.0456 * P )^2 +   0.57 * P ]   where  P = ( Max ( Fo^2, 0 ) + 2 * Fc^2 ) / 3


     N      value        esd    shift/esd  parameter

     1     3.64066     0.00789     0.000    OSF
     2     0.00996     0.00040     0.000   EXTI    

 Mean shift/esd =   0.000  Maximum =    -0.001 for   z  P1       

 Max. shift = 0.000 A for C1        Max. dU = 0.000 for C3         


 Largest correlation matrix elements

     0.619 EXTI / OSF                        0.562 U33 P1 / OSF 
     0.563 U11 P1 / OSF                      0.532 U22 P1 / OSF 



 Idealized hydrogen atom generation before cycle   6

 Name     x       y       z    AFIX  d(X-H)  shift  Bonded to  Conformation determined by
 H1    1.1108  0.4596  0.6026   43   0.950   0.000   C1            N1  C2  
 H2    1.3504  0.3732  0.6122   43   0.950   0.000   C2            C3  C1  
 H3    1.3656  0.2057  0.5283   43   0.950   0.000   C3            C2  C4  
 H4    1.1374  0.1293  0.4375   43   0.950   0.000   C4            C3  C5  
 H6A   0.9237  0.0386  0.4243   23   0.990   0.000   C6            N2  C7  
 H6B   0.8831  0.0920  0.3262   23   0.990   0.000   C6            N2  C7  
 H7A   0.6828 -0.0338  0.3360   23   0.990   0.000   C7            C8  C6  
 H7B   0.6637  0.0261  0.4259   23   0.990   0.000   C7            C8  C6  
 H8A   0.5899  0.1344  0.2553   23   0.990   0.000   C8            N3  C7  
 H8B   0.4662  0.0950  0.3101   23   0.990   0.000   C8            N3  C7  
 H10   0.3009  0.2139  0.2691   43   0.950   0.000   C10           C11  C9  
 H11   0.0942  0.3440  0.2637   43   0.950   0.000   C11           C12  C10  
 H12   0.1385  0.5187  0.3440   43   0.950   0.000   C12           C11  C13  
 H13   0.3865  0.5582  0.4258   43   0.950   0.000   C13           N4  C12  
 H14   0.7340  0.3452  0.4367   43   0.950   0.000   C14           N2  N3  



  vivan6 in P2(1)/c                                                          

 ATOM           x        y        z         sof        U11      U22      U33      U23      U13      U12       Ueq

 N1          0.98501  0.34848  0.51872    1.00000    0.02393  0.02691  0.02929  0.00086  0.00346 -0.00192   0.02716
   0.00208   0.00012  0.00010  0.00007    0.00000    0.00055  0.00056  0.00057  0.00044  0.00045  0.00043   0.00025

 N2          0.85348  0.20802  0.42024    1.00000    0.02061  0.02249  0.02248  0.00078  0.00453  0.00193   0.02194
   0.00195   0.00012  0.00009  0.00007    0.00000    0.00051  0.00052  0.00050  0.00040  0.00040  0.00040   0.00023

 N3          0.58994  0.23854  0.36149    1.00000    0.02042  0.02144  0.02144  0.00031  0.00397  0.00015   0.02125
   0.00192   0.00012  0.00009  0.00007    0.00000    0.00051  0.00051  0.00049  0.00039  0.00039  0.00039   0.00023

 N4          0.48730  0.41417  0.39813    1.00000    0.02473  0.02743  0.02878 -0.00060  0.00481  0.00373   0.02722
   0.00210   0.00012  0.00010  0.00007    0.00000    0.00055  0.00056  0.00056  0.00044  0.00044  0.00044   0.00025

 C1          1.11635  0.39117  0.56917    1.00000    0.02987  0.03252  0.03050  0.00224  0.00120 -0.00714   0.03192
   0.00262   0.00016  0.00013  0.00009    0.00000    0.00070  0.00071  0.00070  0.00055  0.00056  0.00055   0.00031

 H1          1.11079  0.45960  0.60263    1.00000    0.03830
                                          0.00000    0.00000

 C2          1.26001  0.34069  0.57511    1.00000    0.02380  0.04357  0.03351  0.01242 -0.00183 -0.00799   0.03502
   0.00274   0.00016  0.00013  0.00009    0.00000    0.00066  0.00083  0.00072  0.00062  0.00055  0.00059   0.00033

 H2          1.35038  0.37324  0.61224    1.00000    0.04203
                                          0.00000    0.00000

 C3          1.26867  0.24204  0.52580    1.00000    0.02108  0.04188  0.04008  0.01538  0.00522  0.00331   0.03466
   0.00296   0.00016  0.00013  0.00010    0.00000    0.00065  0.00080  0.00077  0.00063  0.00056  0.00056   0.00033

 H3          1.36561  0.20574  0.52832    1.00000    0.04159
                                          0.00000    0.00000

 C4          1.13489  0.19653  0.47270    1.00000    0.02369  0.03196  0.03314  0.00696  0.00757  0.00432   0.02944
   0.00275   0.00015  0.00013  0.00009    0.00000    0.00063  0.00069  0.00069  0.00056  0.00052  0.00052   0.00029

 H4          1.13738  0.12928  0.43747    1.00000    0.03533
                                          0.00000    0.00000

 C5          0.99671  0.25293  0.47284    1.00000    0.02072  0.02539  0.02301  0.00617  0.00385 -0.00024   0.02324
   0.00240   0.00014  0.00011  0.00008    0.00000    0.00060  0.00063  0.00059  0.00048  0.00048  0.00047   0.00027

 C6          0.85070  0.08944  0.38297    1.00000    0.02829  0.02347  0.03048 -0.00231  0.00611  0.00460   0.02753
   0.00252   0.00015  0.00011  0.00009    0.00000    0.00067  0.00064  0.00066  0.00052  0.00052  0.00051   0.00029

 H6A         0.92365  0.03861  0.42430    1.00000    0.03304
                                          0.00000    0.00000

 H6B         0.88307  0.09205  0.32624    1.00000    0.03304
                                          0.00000    0.00000

 C7          0.68869  0.04110  0.36814    1.00000    0.03030  0.02096  0.03234 -0.00137  0.00703  0.00018   0.02791
   0.00248   0.00015  0.00011  0.00009    0.00000    0.00068  0.00061  0.00068  0.00050  0.00054  0.00050   0.00029

 H7A         0.68278 -0.03383  0.33602    1.00000    0.03349
                                          0.00000    0.00000

 H7B         0.66370  0.02608  0.42594    1.00000    0.03349
                                          0.00000    0.00000

 C8          0.57226  0.12519  0.31551    1.00000    0.02668  0.02241  0.02743 -0.00357  0.00467 -0.00316   0.02577
   0.00238   0.00015  0.00010  0.00009    0.00000    0.00065  0.00063  0.00065  0.00048  0.00053  0.00049   0.00028

 H8A         0.58985  0.13440  0.25531    1.00000    0.03093
                                          0.00000    0.00000

 H8B         0.46616  0.09501  0.31013    1.00000    0.03093
                                          0.00000    0.00000

 C9          0.45927  0.31531  0.35319    1.00000    0.02083  0.02634  0.02034  0.00418  0.00600  0.00166   0.02230
   0.00236   0.00014  0.00011  0.00008    0.00000    0.00058  0.00062  0.00056  0.00046  0.00046  0.00048   0.00026

 C10         0.31566  0.28497  0.30133    1.00000    0.02509  0.03381  0.02849  0.00069  0.00181 -0.00105   0.02985
   0.00256   0.00015  0.00012  0.00009    0.00000    0.00065  0.00071  0.00066  0.00054  0.00052  0.00054   0.00030

 H10         0.30085  0.21392  0.26914    1.00000    0.03582
                                          0.00000    0.00000

 C11         0.19457  0.36197  0.29813    1.00000    0.02103  0.04783  0.03520  0.00792  0.00136  0.00254   0.03554
   0.00292   0.00016  0.00014  0.00010    0.00000    0.00066  0.00087  0.00075  0.00064  0.00056  0.00058   0.00034

 H11         0.09423  0.34398  0.26373    1.00000    0.04265
                                          0.00000    0.00000

 C12         0.22014  0.46489  0.34507    1.00000    0.02662  0.04133  0.03287  0.00974  0.01018  0.01132   0.03307
   0.00293   0.00016  0.00013  0.00009    0.00000    0.00066  0.00081  0.00071  0.00059  0.00055  0.00059   0.00032

 H12         0.13851  0.51868  0.34395    1.00000    0.03969
                                          0.00000    0.00000

 C13         0.36812  0.48721  0.39371    1.00000    0.03064  0.03070  0.03117  0.00169  0.00911  0.00776   0.03052
   0.00277   0.00016  0.00012  0.00009    0.00000    0.00069  0.00069  0.00068  0.00054  0.00055  0.00055   0.00030

 H13         0.38651  0.55822  0.42580    1.00000    0.03662
                                          0.00000    0.00000

 C14         0.72658  0.27106  0.40883    1.00000    0.02147  0.02167  0.02046  0.00176  0.00493  0.00045   0.02119
   0.00230   0.00014  0.00011  0.00008    0.00000    0.00060  0.00058  0.00057  0.00044  0.00046  0.00046   0.00026

 H14         0.73397  0.34518  0.43665    1.00000    0.02543
                                          0.00000    0.00000

 P1          0.73820  0.12334  0.65300    1.00000    0.02202  0.02644  0.02400 -0.00105  0.00545 -0.00025   0.02414
   0.00059   0.00004  0.00003  0.00002    0.00000    0.00020  0.00021  0.00020  0.00012  0.00014  0.00012   0.00013

 F11         0.66817  0.21529  0.57740    1.00000    0.03744  0.04632  0.04643  0.01505  0.00754  0.01113   0.04376
   0.00189   0.00010  0.00008  0.00006    0.00000    0.00047  0.00053  0.00052  0.00041  0.00039  0.00039   0.00024

 F12         0.58774  0.13667  0.69174    1.00000    0.03295  0.05633  0.04161 -0.01775  0.01924 -0.01138   0.04190
   0.00162   0.00010  0.00008  0.00006    0.00000    0.00047  0.00056  0.00049  0.00041  0.00038  0.00038   0.00024

 F13         0.65575  0.02026  0.59024    1.00000    0.04340  0.04334  0.04308 -0.01773  0.01665 -0.01252   0.04219
   0.00158   0.00010  0.00008  0.00006    0.00000    0.00050  0.00051  0.00049  0.00039  0.00040  0.00039   0.00024

 F14         0.88823  0.10967  0.61364    1.00000    0.02760  0.04075  0.04864 -0.00012  0.01579  0.00426   0.03786
   0.00170   0.00009  0.00008  0.00006    0.00000    0.00043  0.00048  0.00051  0.00037  0.00038  0.00034   0.00022

 F15         0.82038  0.22635  0.71570    1.00000    0.03399  0.04894  0.05150 -0.02114  0.00839 -0.01090   0.04507
   0.00160   0.00010  0.00008  0.00006    0.00000    0.00046  0.00055  0.00054  0.00043  0.00039  0.00039   0.00025

 F16         0.80825  0.03051  0.72796    1.00000    0.06149  0.05666  0.04457  0.02344  0.00455  0.00497   0.05552
   0.00213   0.00013  0.00010  0.00007    0.00000    0.00064  0.00063  0.00054  0.00046  0.00046  0.00049   0.00028



 Final Structure Factor Calculation for  vivan6 in P2(1)/c                                                          

 Total number of l.s. parameters =   227  Maximum vector length =  623   Memory required =     49 /   2946 /    29281

 wR2 =  0.0800 before cycle   6 for    2847 data and      0 /    227 parameters

 GooF = S =     1.042;     Restrained GooF =      1.042 for       0 restraints

 Weight = 1 / [ sigma^2(Fo^2) + ( 0.0456 * P )^2 +   0.57 * P ]   where  P = ( Max ( Fo^2, 0 ) + 2 * Fc^2 ) / 3

 wR2 = 0.0800, GooF = S = 1.042, Restrained GooF = 1.042 for all data
 R1 = 0.0307 for 2752 Fo > 4sig(Fo) and 0.0312 for all 2847 data

 Occupancy sum of asymmetric unit =    25.00 for non-hydrogen and    15.00 for H and D atoms



 Principal mean square atomic displacements U

   0.0320   0.0268   0.0227   N1  
   0.0237   0.0227   0.0194   N2  
   0.0223   0.0214   0.0200   N3  
   0.0316   0.0279   0.0221   N4  
   0.0433   0.0291   0.0234   C1  
   0.0590   0.0258   0.0203   C2  
   0.0567   0.0271   0.0202   C3  
   0.0397   0.0268   0.0218   C4  
   0.0310   0.0208   0.0179   C5  
   0.0335   0.0291   0.0200   C6  
   0.0327   0.0303   0.0208   C7  
   0.0295   0.0284   0.0195   C8  
   0.0287   0.0204   0.0179   C9  
   0.0348   0.0319   0.0229   C10  
   0.0519   0.0351   0.0196   C11  
   0.0510   0.0277   0.0205   C12  
   0.0386   0.0303   0.0226   C13  
   0.0229   0.0214   0.0192   C14  
   0.0268   0.0236   0.0220   P1  
   0.0619   0.0433   0.0261   F11  
   0.0713   0.0318   0.0225   F12  
   0.0656   0.0356   0.0253   F13  
   0.0495   0.0417   0.0223   F14  
   0.0715   0.0394   0.0243   F15  
   0.0764   0.0643   0.0259   F16  

     0  atoms may be split and     0  atoms NPD



 Analysis of variance for reflections employed in refinement      K = Mean[Fo^2] / Mean[Fc^2]  for group


 Fc/Fc(max)       0.000    0.008    0.016    0.024    0.033    0.044    0.058    0.077    0.102    0.149    1.000

 Number in group       287.     295.     279.     279.     296.     279.     279.     291.     281.     281.

            GooF      1.058    0.985    1.101    1.036    1.037    1.016    1.029    0.976    0.988    1.186

             K        1.536    1.085    1.002    1.004    1.002    0.986    0.993    1.000    1.006    0.989


 Resolution(A)    0.83     0.86     0.89     0.93     0.98     1.04     1.12     1.24     1.42     1.77     inf

 Number in group       293.     277.     289.     288.     279.     283.     289.     283.     279.     287.

            GooF      0.890    0.866    0.857    0.815    0.857    0.907    0.713    0.968    1.344    1.768

             K        1.004    1.007    1.009    1.019    1.019    1.025    1.000    0.966    1.024    0.975

             R1       0.042    0.043    0.038    0.030    0.027    0.027    0.019    0.025    0.031    0.037


 Recommended weighting scheme:  WGHT    0.0457    0.5713


 Most Disagreeable Reflections (* if suppressed or used for Rfree).
 Error/esd is calculated as sqrt(wD^2/<wD^2>) where w is given by the weight
 formula, D = Fo^2-Fc^2 and <> refers to the average over all reflections.

     h   k   l          Fo^2          Fc^2    Error/esd  Fc/Fc(max)  Resolution(A)

    -1   0   4      34916.04      49953.95       6.94       1.000       3.80
     0   5   4         44.72         18.59       6.13       0.019       1.96
    -1   5   5         12.66         36.45       5.55       0.027       1.84
     3   5   1         89.93         52.46       5.42       0.032       1.75
     0   6   1        104.57         68.97       4.51       0.037       1.90
     2   3   3          7.90          0.95       4.49       0.004       2.34
     1   6   1         39.97         21.42       4.35       0.021       1.84
    -3   2   3         96.42        140.70       4.30       0.053       2.52
    -1   2   3      31492.54      38779.31       4.20       0.881       3.72
     0  10   5          9.86          2.81       3.83       0.007       1.07
     4   3   1        237.56        183.46       3.78       0.061       1.82
     1   1   5        104.81        144.11       3.72       0.054       2.60
     2   2   2         12.12          1.65       3.54       0.006       2.94
    -4   2   4         13.45          2.80       3.47       0.007       1.97
     3   2   3       1210.58       1014.44       3.43       0.143       2.12
    -5   3   1        187.92        240.57       3.41       0.069       1.60
     1   7   1        124.21         92.98       3.40       0.043       1.60
     1   2   7         46.09         67.61       3.28       0.037       1.88
     3   1   1          6.13          1.61       3.28       0.006       2.64
     0   1   2        110.89        146.21       3.28       0.054       6.31
     0   4   4        723.21        866.18       3.26       0.132       2.29
    -3   0   6         35.28         21.85       3.18       0.021       2.16
    -2   1   4         15.91         28.30       3.17       0.024       3.12
     0   4   0        167.14        132.00       3.07       0.051       2.87
     2   1   3        106.49        138.48       3.06       0.053       2.87
    -2   4   6        180.35        225.13       3.04       0.067       1.86
    -1   1   8         38.75         25.30       3.04       0.023       1.92
     0   2   9         14.13          2.48       3.02       0.007       1.61
     0   6   4        399.91        335.13       2.96       0.082       1.71
     3   1   0       1426.39       1232.18       2.92       0.157       2.80
    -4   3   2        904.35        775.71       2.90       0.125       1.92
    -3   2   9         14.65         25.25       2.85       0.022       1.56
     2   6   3        227.84        276.88       2.85       0.074       1.61
    -5   3   2        146.25        181.85       2.81       0.060       1.61
    -1   3   2        111.92         87.60       2.81       0.042       3.30
    -1   5   4       1765.21       1541.07       2.77       0.176       1.97
     0   5   1        286.14        239.13       2.75       0.069       2.27
     2   0   2        119.86         94.67       2.74       0.044       3.43
     3   2   5        421.87        358.51       2.72       0.085       1.79
     5   1   0         90.72         69.55       2.71       0.037       1.71
    -5   5   2        138.69        171.35       2.69       0.059       1.41
    -1   0   2        410.66        349.81       2.68       0.084       6.49
     6   6   9         69.92         52.07       2.68       0.032       0.88
     2   4   5         13.96          7.28       2.67       0.012       1.77
     5   2   0         31.95         21.21       2.66       0.021       1.66
     0   3   6        113.71        141.79       2.63       0.053       2.10
     0   4   5        607.10        525.10       2.62       0.103       2.08
     2   1   4         53.15         38.94       2.62       0.028       2.50
     4   2   2       2171.83       1908.85       2.61       0.195       1.86
     6   6  10         20.96         12.41       2.55       0.016       0.84



 Bond lengths and angles

 N1 -            Distance        Angles
 C5        1.3258 (0.0017) 
 C1        1.3389 (0.0018)  116.81 (0.12)
                 N1              C5           

 N2 -            Distance        Angles
 C14       1.3172 (0.0016) 
 C5        1.4392 (0.0016)  119.77 (0.11)
 C6        1.4777 (0.0016)  121.19 (0.11) 119.00 (0.10)
                 N2              C14           C5           

 N3 -            Distance        Angles
 C14       1.3193 (0.0016) 
 C9        1.4399 (0.0016)  119.71 (0.10)
 C8        1.4756 (0.0015)  120.02 (0.10) 120.25 (0.10)
                 N3              C14           C9           

 N4 -            Distance        Angles
 C9        1.3258 (0.0017) 
 C13       1.3404 (0.0017)  117.34 (0.12)
                 N4              C9           

 C1 -            Distance        Angles
 N1        1.3389 (0.0018) 
 C2        1.3859 (0.0021)  123.40 (0.14)
 H1        0.9500           118.30        118.30       
                 C1              N1            C2           

 C2 -            Distance        Angles
 C3        1.3799 (0.0023) 
 C1        1.3859 (0.0021)  118.42 (0.13)
 H2        0.9500           120.79        120.79       
                 C2              C3            C1           

 C3 -            Distance        Angles
 C2        1.3799 (0.0023) 
 C4        1.3828 (0.0020)  119.37 (0.13)
 H3        0.9500           120.31        120.31       
                 C3              C2            C4           

 C4 -            Distance        Angles
 C3        1.3828 (0.0020) 
 C5        1.3892 (0.0018)  117.44 (0.13)
 H4        0.9500           121.28        121.28       
                 C4              C3            C5           

 C5 -            Distance        Angles
 N1        1.3258 (0.0017) 
 C4        1.3892 (0.0018)  124.53 (0.12)
 N2        1.4392 (0.0016)  115.61 (0.11) 119.86 (0.12)
                 C5              N1            C4           

 C6 -            Distance        Angles
 N2        1.4777 (0.0016) 
 C7        1.5103 (0.0018)  109.07 (0.10)
 H6A       0.9900           109.87        109.87       
 H6B       0.9900           109.87        109.87        108.29       
                 C6              N2            C7            H6A          

 C7 -            Distance        Angles
 C8        1.5096 (0.0018) 
 C6        1.5103 (0.0018)  110.91 (0.11)
 H7A       0.9900           109.46        109.46       
 H7B       0.9900           109.46        109.46        108.05       
                 C7              C8            C6            H7A          

 C8 -            Distance        Angles
 N3        1.4756 (0.0015) 
 C7        1.5096 (0.0018)  108.61 (0.10)
 H8A       0.9900           109.97        109.97       
 H8B       0.9900           109.97        109.97        108.35       
                 C8              N3            C7            H8A          

 C9 -            Distance        Angles
 N4        1.3258 (0.0017) 
 C10       1.3865 (0.0018)  123.80 (0.12)
 N3        1.4399 (0.0016)  115.35 (0.11) 120.85 (0.12)
                 C9              N4            C10          

 C10 -           Distance        Angles
 C11       1.3850 (0.0020) 
 C9        1.3865 (0.0018)  117.60 (0.13)
 H10       0.9500           121.20        121.20       
                 C10             C11           C9           

 C11 -           Distance        Angles
 C12       1.3797 (0.0022) 
 C10       1.3850 (0.0020)  119.79 (0.13)
 H11       0.9500           120.11        120.11       
                 C11             C12           C10          

 C12 -           Distance        Angles
 C11       1.3797 (0.0022) 
 C13       1.3802 (0.0020)  117.87 (0.13)
 H12       0.9500           121.06        121.06       
                 C12             C11           C13          

 C13 -           Distance        Angles
 N4        1.3404 (0.0017) 
 C12       1.3802 (0.0020)  123.59 (0.13)
 H13       0.9500           118.21        118.21       
                 C13             N4            C12          

 C14 -           Distance        Angles
 N2        1.3172 (0.0016) 
 N3        1.3193 (0.0016)  124.62 (0.12)
 H14       0.9500           117.69        117.69       
                 C14             N2            N3           

 P1 -            Distance        Angles
 F11       1.5947 (0.0009) 
 F16       1.5951 (0.0009)  179.49 (0.06)
 F12       1.5972 (0.0008)   89.83 (0.05)  90.42 (0.06)
 F15       1.5974 (0.0009)   90.24 (0.06)  90.20 (0.06)  90.18 (0.05)
 F13       1.5991 (0.0009)   89.73 (0.05)  89.82 (0.06)  89.77 (0.05) 179.94 (0.06)
 F14       1.5995 (0.0008)   90.00 (0.05)  89.75 (0.05) 179.65 (0.05)  90.14 (0.05)  89.92 (0.05)
                 P1              F11           F16           F12           F15           F13          

 F11 -           Distance        Angles
 P1        1.5947 (0.0009) 
                 F11            

 F12 -           Distance        Angles
 P1        1.5972 (0.0008) 
                 F12            

 F13 -           Distance        Angles
 P1        1.5991 (0.0009) 
                 F13            

 F14 -           Distance        Angles
 P1        1.5995 (0.0008) 
                 F14            

 F15 -           Distance        Angles
 P1        1.5974 (0.0009) 
                 F15            

 F16 -           Distance        Angles
 P1        1.5951 (0.0009) 
                 F16            



 Selected torsion angles

    -0.02 ( 0.20)  C5 - N1 - C1 - C2
     0.73 ( 0.21)  N1 - C1 - C2 - C3
    -0.29 ( 0.20)  C1 - C2 - C3 - C4
    -0.77 ( 0.20)  C2 - C3 - C4 - C5
    -1.17 ( 0.19)  C1 - N1 - C5 - C4
   179.11 ( 0.11)  C1 - N1 - C5 - N2
     1.58 ( 0.20)  C3 - C4 - C5 - N1
  -178.72 ( 0.11)  C3 - C4 - C5 - N2
    10.81 ( 0.16)  C14 - N2 - C5 - N1
  -166.72 ( 0.11)  C6 - N2 - C5 - N1
  -168.92 ( 0.11)  C14 - N2 - C5 - C4
    13.55 ( 0.17)  C6 - N2 - C5 - C4
   -22.99 ( 0.15)  C14 - N2 - C6 - C7
   154.51 ( 0.11)  C5 - N2 - C6 - C7
    51.76 ( 0.14)  N2 - C6 - C7 - C8
    30.47 ( 0.15)  C14 - N3 - C8 - C7
  -151.05 ( 0.11)  C9 - N3 - C8 - C7
   -55.44 ( 0.14)  C6 - C7 - C8 - N3
     1.18 ( 0.18)  C13 - N4 - C9 - C10
  -178.69 ( 0.11)  C13 - N4 - C9 - N3
    -2.40 ( 0.16)  C14 - N3 - C9 - N4
   179.12 ( 0.10)  C8 - N3 - C9 - N4
   177.73 ( 0.11)  C14 - N3 - C9 - C10
    -0.75 ( 0.17)  C8 - N3 - C9 - C10
    -1.32 ( 0.20)  N4 - C9 - C10 - C11
   178.54 ( 0.11)  N3 - C9 - C10 - C11
     0.53 ( 0.20)  C9 - C10 - C11 - C12
     0.29 ( 0.20)  C10 - C11 - C12 - C13
    -0.26 ( 0.20)  C9 - N4 - C13 - C12
    -0.45 ( 0.21)  C11 - C12 - C13 - N4
   179.49 ( 0.11)  C5 - N2 - C14 - N3
    -3.02 ( 0.18)  C6 - N2 - C14 - N3
  -179.57 ( 0.11)  C9 - N3 - C14 - N2
    -1.08 ( 0.18)  C8 - N3 - C14 - N2



 Least-squares planes (x,y,z in crystal coordinates) and deviations from them
 (* indicates atom used to define plane)

 - 3.5585 (0.0009) x -  5.5312 (0.0033) y +  13.2379 (0.0026) z =  1.2803 (0.0022) 

 *  0.1539 (0.0010)  N1
 *  0.1182 (0.0011)  C1
 * -0.0352 (0.0011)  C2
 * -0.1731 (0.0012)  C3
 * -0.1484 (0.0011)  C4
 *  0.0333 (0.0011)  C5
 *  0.0951 (0.0009)  N2
 *  0.0864 (0.0009)  N3
 *  0.0469 (0.0011)  C14
 * -0.0347 (0.0011)  N4
 *  0.0169 (0.0011)  C9
 *  0.0092 (0.0012)  C10
 * -0.0281 (0.0012)  C11
 * -0.0670 (0.0011)  C12
 * -0.0732 (0.0011)  C13
    0.2675 (0.0016)  C6
    0.9150 (0.0017)  C7
    0.1675 (0.0016)  C8

 Rms deviation of fitted atoms =   0.0905


 - 2.7476 (0.0079) x +  4.9286 (0.0193) y +  13.9526 (0.0119) z =  3.4468 (0.0049) 

 Angle to previous plane (with approximate esd) = 54.657 ( 0.074 )

 *  0.0000 (0.0000)  C6
 *  0.0000 (0.0000)  C7
 *  0.0000 (0.0000)  C8

 Rms deviation of fitted atoms =   0.0000



 FMAP and GRID set by program

 FMAP   2   3  20
 GRID    -1.471  -2  -2     1.471   2   2

 R1 =  0.0309 for   2847 unique reflections after merging for Fourier


 Electron density synthesis with coefficients Fo-Fc

 Highest peak    0.20  at  0.4190  0.6862  0.1604  [  0.69 A from N3 ]
 Deepest hole   -0.33  at  0.6999  0.3938  0.1491  [  0.39 A from P1 ]


 Fourier peaks appended to .res file

              x       y       z       sof     U      Peak   Distances to nearest atoms (including eq.)

 Q1    1   0.5810  0.1862  0.3396   1.00000  0.05    0.20   0.69 N3^a  0.79 C8  1.46 H8A  1.46 H8B
 Q2    1   0.8349  0.1782  0.7658   1.00000  0.05    0.20   0.94 F15  1.79 F16  1.87 P1  2.28 F12
 Q3    1   0.6167  0.0929  0.7492   1.00000  0.05    0.19   1.01 F12  1.95 F16  2.07 P1  2.39 H8B
 Q4    1   1.2642  0.3097  0.5307   1.00000  0.05    0.19   0.78 C3^a  0.79 C2^a  1.50 H3  1.51 H2^a
 Q5    1   0.8844  0.0690  0.6510   1.00000  0.05    0.17   0.75 F14  1.45 P1  1.57 F16  2.11 F13

 Shortest distances between peaks (including symmetry equivalents)

      2   3  2.13      2   5  2.31      1   3  2.95


 Time profile in seconds
 -----------------------

      0.02: Read and process instructions
      0.00: Fit rigid groups
      0.00: Interpret restraints etc.
      0.00: Generate connectivity array
      0.00: Analyse DFIX and DANG restraints
      0.00: Analyse SAME, SADI and NCSY restraints
      0.00: Generate CHIV restraints
      0.00: Check if bonds in residues restrained
      0.00: Generate DELU and RIGU restraints
      0.00: Generate SIMU restraints
      0.00: Generate ISOR restraints
      0.00: Analyse electron density
      0.01: Analyse other restraints etc.
      0.09: Read intensity data, sort/merge etc.
      0.00: Set up constraints
      0.00: OSF, H-atoms from difference map
      0.02: Set up l.s. refinement
      0.00: Generate idealized H-atoms
      0.02: Structure factors and derivatives
      0.04: Sum l.s. matrices
      0.00: Generate and apply antibumping restraints
      0.00: Apply other restraints
      0.02: Solve l.s. equations
      0.00: Generate HTAB table
      0.09: Other dependent quantities, CIF, tables
      0.02: Analysis of variance
      0.00: Merge reflections for Fourier and .fcf
      0.02: Fourier summations
      0.00: Peaksearch
      0.00: Analyse peaklist

 ** WARNING: These times are only approximate for multiple threads.
             To get better estimates run with -t1 **

   Please cite: G.M. Sheldrick (2015) "Crystal structure refinement with
   SHELXL", Acta Cryst., C71, 3-8 (Open Access) if SHELXL proves useful.

 +++++++++++++++++++++++++++++++++++++++++++++++++++++++++++++++++++++++++++++
 +  vivan6        finished at 07:56:56   Total elapsed time:      0.38 secs  +
 +++++++++++++++++++++++++++++++++++++++++++++++++++++++++++++++++++++++++++++
